[0514/164845.361:ERROR:process_memory_win.cc(73)] ReadMemory at 0x7ff788770000 of 64 bytes failed: ReadProcessMemory 또는 WriteProcessMemory의 일부 작업만을 마쳤습니다. (0x12B)
[0514/164845.363:WARNING:pe_image_reader.cc(340)] could not read dos header from C:\Program Files (x86)\Google\Chrome\Application\chrome.exe
[0514/164845.363:ERROR:process_memory_win.cc(73)] ReadMemory at 0x7ffa684c0000 of 64 bytes failed: ReadProcessMemory 또는 WriteProcessMemory의 일부 작업만을 마쳤습니다. (0x12B)
[0514/164845.363:WARNING:pe_image_reader.cc(340)] could not read dos header from C:\WINDOWS\SYSTEM32\ntdll.dll
[0514/164845.364:ERROR:process_memory_win.cc(73)] ReadMemory at 0x7ffa67640000 of 64 bytes failed: ReadProcessMemory 또는 WriteProcessMemory의 일부 작업만을 마쳤습니다. (0x12B)
[0514/164845.364:WARNING:pe_image_reader.cc(340)] could not read dos header from C:\WINDOWS\System32\KERNEL32.DLL
[0514/164845.364:ERROR:process_memory_win.cc(73)] ReadMemory at 0x7ffa66240000 of 64 bytes failed: ReadProcessMemory 또는 WriteProcessMemory의 일부 작업만을 마쳤습니다. (0x12B)
[0514/164845.364:WARNING:pe_image_reader.cc(340)] could not read dos header from C:\WINDOWS\System32\KERNELBASE.dll
[0514/164845.364:ERROR:process_memory_win.cc(73)] ReadMemory at 0x7ffa32a50000 of 64 bytes failed: ReadProcessMemory 또는 WriteProcessMemory의 일부 작업만을 마쳤습니다. (0x12B)
[0514/164845.364:WARNING:pe_image_reader.cc(340)] could not read dos header from C:\Program Files (x86)\Google\Chrome\Application\81.0.4044.138\chrome_elf.dll
[0514/164845.364:ERROR:process_memory_win.cc(73)] ReadMemory at 0x7ffa5df30000 of 64 bytes failed: ReadProcessMemory 또는 WriteProcessMemory의 일부 작업만을 마쳤습니다. (0x12B)
[0514/164845.364:WARNING:pe_image_reader.cc(340)] could not read dos header from C:\WINDOWS\SYSTEM32\VERSION.dll
[0514/164845.364:ERROR:process_memory_win.cc(73)] ReadMemory at 0x2d155d20000 of 64 bytes failed: ReadProcessMemory 또는 WriteProcessMemory의 일부 작업만을 마쳤습니다. (0x12B)
[0514/164845.364:WARNING:pe_image_reader.cc(340)] could not read dos header from C:\WINDOWS\System32\msvcrt.dll
[0514/164845.365:ERROR:process_memory_win.cc(73)] ReadMemory at 0x7ffa65d40000 of 64 bytes failed: ReadProcessMemory 또는 WriteProcessMemory의 일부 작업만을 마쳤습니다. (0x12B)
[0514/164845.365:WARNING:pe_image_reader.cc(340)] could not read dos header from C:\WINDOWS\System32\bcryptPrimitives.dll
[0514/164845.365:ERROR:process_memory_win.cc(73)] ReadMemory at 0x7ffa682c0000 of 64 bytes failed: ReadProcessMemory 또는 WriteProcessMemory의 일부 작업만을 마쳤습니다. (0x12B)
[0514/164845.365:WARNING:pe_image_reader.cc(340)] could not read dos header from C:\WINDOWS\System32\ADVAPI32.dll
[0514/164845.365:ERROR:process_memory_win.cc(73)] ReadMemory at 0x7ffa66ae0000 of 64 bytes failed: ReadProcessMemory 또는 WriteProcessMemory의 일부 작업만을 마쳤습니다. (0x12B)
[0514/164845.365:WARNING:pe_image_reader.cc(340)] could not read dos header from C:\WINDOWS\System32\sechost.dll
[0514/164845.365:ERROR:process_memory_win.cc(73)] ReadMemory at 0x7ffa67520000 of 64 bytes failed: ReadProcessMemory 또는 WriteProcessMemory의 일부 작업만을 마쳤습니다. (0x12B)
[0514/164845.365:WARNING:pe_image_reader.cc(340)] could not read dos header from C:\WINDOWS\System32\RPCRT4.dll
[0514/164845.365:ERROR:process_memory_win.cc(73)] ReadMemory at 0x7ffa13200000 of 64 bytes failed: ReadProcessMemory 또는 WriteProcessMemory의 일부 작업만을 마쳤습니다. (0x12B)
[0514/164845.365:WARNING:pe_image_reader.cc(340)] could not read dos header from C:\Program Files (x86)\Google\Chrome\Application\81.0.4044.138\chrome.dll
[0514/164845.365:ERROR:process_memory_win.cc(73)] ReadMemory at 0x7ffa67820000 of 64 bytes failed: ReadProcessMemory 또는 WriteProcessMemory의 일부 작업만을 마쳤습니다. (0x12B)
[0514/164845.365:WARNING:pe_image_reader.cc(340)] could not read dos header from C:\WINDOWS\System32\WS2_32.dll
[0514/164845.366:ERROR:process_memory_win.cc(73)] ReadMemory at 0x7ffa67090000 of 64 bytes failed: ReadProcessMemory 또는 WriteProcessMemory의 일부 작업만을 마쳤습니다. (0x12B)
[0514/164845.366:WARNING:pe_image_reader.cc(340)] could not read dos header from C:\WINDOWS\System32\OLEAUT32.dll
[0514/164845.366:ERROR:process_memory_win.cc(73)] ReadMemory at 0x7ffa65bd0000 of 64 bytes failed: ReadProcessMemory 또는 WriteProcessMemory의 일부 작업만을 마쳤습니다. (0x12B)
[0514/164845.366:WARNING:pe_image_reader.cc(340)] could not read dos header from C:\WINDOWS\System32\msvcp_win.dll
[0514/164845.366:ERROR:process_memory_win.cc(73)] ReadMemory at 0x7ffa65fc0000 of 64 bytes failed: ReadProcessMemory 또는 WriteProcessMemory의 일부 작업만을 마쳤습니다. (0x12B)
[0514/164845.366:WARNING:pe_image_reader.cc(340)] could not read dos header from C:\WINDOWS\System32\ucrtbase.dll
[0514/164845.366:ERROR:process_memory_win.cc(73)] ReadMemory at 0x7ffa671e0000 of 64 bytes failed: ReadProcessMemory 또는 WriteProcessMemory의 일부 작업만을 마쳤습니다. (0x12B)
[0514/164845.366:WARNING:pe_image_reader.cc(340)] could not read dos header from C:\WINDOWS\System32\combase.dll
[0514/164845.366:ERROR:process_memory_win.cc(73)] ReadMemory at 0x7ffa65f60000 of 64 bytes failed: ReadProcessMemory 또는 WriteProcessMemory의 일부 작업만을 마쳤습니다. (0x12B)
[0514/164845.367:WARNING:pe_image_reader.cc(340)] could not read dos header from C:\WINDOWS\System32\WINTRUST.dll
[0514/164845.367:ERROR:process_memory_win.cc(73)] ReadMemory at 0x7ffa653b0000 of 64 bytes failed: ReadProcessMemory 또는 WriteProcessMemory의 일부 작업만을 마쳤습니다. (0x12B)
[0514/164845.367:WARNING:pe_image_reader.cc(340)] could not read dos header from C:\WINDOWS\System32\MSASN1.dll
[0514/164845.367:ERROR:process_memory_win.cc(73)] ReadMemory at 0x7ffa660c0000 of 64 bytes failed: ReadProcessMemory 또는 WriteProcessMemory의 일부 작업만을 마쳤습니다. (0x12B)
[0514/164845.367:WARNING:pe_image_reader.cc(340)] could not read dos header from C:\WINDOWS\System32\CRYPT32.dll
[0514/164845.367:ERROR:process_memory_win.cc(73)] ReadMemory at 0x7ffa648a0000 of 64 bytes failed: ReadProcessMemory 또는 WriteProcessMemory의 일부 작업만을 마쳤습니다. (0x12B)
[0514/164845.367:WARNING:pe_image_reader.cc(340)] could not read dos header from C:\WINDOWS\SYSTEM32\IPHLPAPI.DLL
[0514/164845.367:ERROR:process_memory_win.cc(73)] ReadMemory at 0x7ffa5bdb0000 of 64 bytes failed: ReadProcessMemory 또는 WriteProcessMemory의 일부 작업만을 마쳤습니다. (0x12B)
[0514/164845.367:WARNING:pe_image_reader.cc(340)] could not read dos header from C:\WINDOWS\SYSTEM32\WINMM.dll
[0514/164845.367:ERROR:process_memory_win.cc(73)] ReadMemory at 0x7ffa54af0000 of 64 bytes failed: ReadProcessMemory 또는 WriteProcessMemory의 일부 작업만을 마쳤습니다. (0x12B)
[0514/164845.367:WARNING:pe_image_reader.cc(340)] could not read dos header from C:\WINDOWS\SYSTEM32\Secur32.dll
[0514/164845.367:ERROR:process_memory_win.cc(73)] ReadMemory at 0x7ffa652a0000 of 64 bytes failed: ReadProcessMemory 또는 WriteProcessMemory의 일부 작업만을 마쳤습니다. (0x12B)
[0514/164845.367:WARNING:pe_image_reader.cc(340)] could not read dos header from C:\WINDOWS\SYSTEM32\USERENV.dll
[0514/164845.367:ERROR:process_memory_win.cc(73)] ReadMemory at 0x7ffa65420000 of 64 bytes failed: ReadProcessMemory 또는 WriteProcessMemory의 일부 작업만을 마쳤습니다. (0x12B)
[0514/164845.367:WARNING:pe_image_reader.cc(340)] could not read dos header from C:\WINDOWS\System32\profapi.dll
[0514/164845.368:ERROR:process_memory_win.cc(73)] ReadMemory at 0x7ffa39fc0000 of 64 bytes failed: ReadProcessMemory 또는 WriteProcessMemory의 일부 작업만을 마쳤습니다. (0x12B)
[0514/164845.368:WARNING:pe_image_reader.cc(340)] could not read dos header from C:\WINDOWS\SYSTEM32\UIAutomationCore.DLL
[0514/164845.368:ERROR:process_memory_win.cc(73)] ReadMemory at 0x7ffa487f0000 of 64 bytes failed: ReadProcessMemory 또는 WriteProcessMemory의 일부 작업만을 마쳤습니다. (0x12B)
[0514/164845.368:WARNING:pe_image_reader.cc(340)] could not read dos header from C:\WINDOWS\SYSTEM32\DWrite.dll
[0514/164845.368:ERROR:process_memory_win.cc(73)] ReadMemory at 0x7ffa3fe40000 of 64 bytes failed: ReadProcessMemory 또는 WriteProcessMemory의 일부 작업만을 마쳤습니다. (0x12B)
[0514/164845.368:WARNING:pe_image_reader.cc(340)] could not read dos header from C:\WINDOWS\SYSTEM32\WINSPOOL.DRV
[0514/164845.368:ERROR:process_memory_win.cc(73)] ReadMemory at 0x7ffa65390000 of 64 bytes failed: ReadProcessMemory 또는 WriteProcessMemory의 일부 작업만을 마쳤습니다. (0x12B)
[0514/164845.368:WARNING:pe_image_reader.cc(340)] could not read dos header from C:\WINDOWS\System32\kernel.appcore.dll
[0514/164845.368:ERROR:process_memory_win.cc(73)] ReadMemory at 0x7ffa66540000 of 64 bytes failed: ReadProcessMemory 또는 WriteProcessMemory의 일부 작업만을 마쳤습니다. (0x12B)
[0514/164845.368:WARNING:pe_image_reader.cc(340)] could not read dos header from C:\WINDOWS\System32\bcrypt.dll
[0514/164845.368:ERROR:process_memory_win.cc(73)] ReadMemory at 0x7ffa63d50000 of 64 bytes failed: ReadProcessMemory 또는 WriteProcessMemory의 일부 작업만을 마쳤습니다. (0x12B)
[0514/164845.368:WARNING:pe_image_reader.cc(340)] could not read dos header from C:\WINDOWS\SYSTEM32\dbghelp.dll
[0514/164845.368:ERROR:process_memory_win.cc(73)] ReadMemory at 0x7ffa630c0000 of 64 bytes failed: ReadProcessMemory 또는 WriteProcessMemory의 일부 작업만을 마쳤습니다. (0x12B)
[0514/164845.369:WARNING:pe_image_reader.cc(340)] could not read dos header from C:\WINDOWS\SYSTEM32\WINHTTP.dll
[0514/164845.369:ERROR:process_memory_win.cc(73)] ReadMemory at 0x7ffa5de10000 of 64 bytes failed: ReadProcessMemory 또는 WriteProcessMemory의 일부 작업만을 마쳤습니다. (0x12B)
[0514/164845.369:WARNING:pe_image_reader.cc(340)] could not read dos header from C:\WINDOWS\SYSTEM32\dhcpcsvc.DLL
[0514/164845.369:ERROR:process_memory_win.cc(73)] ReadMemory at 0x7ffa66c10000 of 64 bytes failed: ReadProcessMemory 또는 WriteProcessMemory의 일부 작업만을 마쳤습니다. (0x12B)
[0514/164845.369:WARNING:pe_image_reader.cc(340)] could not read dos header from C:\WINDOWS\System32\NSI.dll
[0514/164845.369:ERROR:process_memory_win.cc(73)] ReadMemory at 0x7ffa5bd80000 of 64 bytes failed: ReadProcessMemory 또는 WriteProcessMemory의 일부 작업만을 마쳤습니다. (0x12B)
[0514/164845.369:WARNING:pe_image_reader.cc(340)] could not read dos header from C:\WINDOWS\SYSTEM32\WINMMBASE.dll
[0514/164845.369:ERROR:process_memory_win.cc(73)] ReadMemory at 0x7ffa664f0000 of 64 bytes failed: ReadProcessMemory 또는 WriteProcessMemory의 일부 작업만을 마쳤습니다. (0x12B)
[0514/164845.369:WARNING:pe_image_reader.cc(340)] could not read dos header from C:\WINDOWS\System32\cfgmgr32.dll
[0514/164845.369:ERROR:process_memory_win.cc(73)] ReadMemory at 0x7ffa61730000 of 64 bytes failed: ReadProcessMemory 또는 WriteProcessMemory의 일부 작업만을 마쳤습니다. (0x12B)
[0514/164845.369:WARNING:pe_image_reader.cc(340)] could not read dos header from C:\WINDOWS\SYSTEM32\PROPSYS.dll
[0514/164845.369:ERROR:process_memory_win.cc(73)] ReadMemory at 0x7ffa67890000 of 64 bytes failed: ReadProcessMemory 또는 WriteProcessMemory의 일부 작업만을 마쳤습니다. (0x12B)
[0514/164845.369:WARNING:pe_image_reader.cc(340)] could not read dos header from C:\WINDOWS\System32\shcore.dll
[0514/164845.370:ERROR:process_memory_win.cc(73)] ReadMemory at 0x7ffa65270000 of 64 bytes failed: ReadProcessMemory 또는 WriteProcessMemory의 일부 작업만을 마쳤습니다. (0x12B)
[0514/164845.370:WARNING:pe_image_reader.cc(340)] could not read dos header from C:\WINDOWS\SYSTEM32\SSPICLI.DLL
[0514/164845.370:ERROR:process_memory_win.cc(73)] ReadMemory at 0x7ffa64d60000 of 64 bytes failed: ReadProcessMemory 또는 WriteProcessMemory의 일부 작업만을 마쳤습니다. (0x12B)
[0514/164845.370:WARNING:pe_image_reader.cc(340)] could not read dos header from C:\WINDOWS\SYSTEM32\CRYPTBASE.DLL
[0514/164845.378:ERROR:process_memory_win.cc(73)] ReadMemory at 0x7ff788770000 of 64 bytes failed: ReadProcessMemory 또는 WriteProcessMemory의 일부 작업만을 마쳤습니다. (0x12B)
[0514/164845.378:WARNING:pe_image_reader.cc(340)] could not read dos header from C:\Program Files (x86)\Google\Chrome\Application\chrome.exe
[0514/164845.378:ERROR:process_memory_win.cc(73)] ReadMemory at 0x7ffa684c0000 of 64 bytes failed: ReadProcessMemory 또는 WriteProcessMemory의 일부 작업만을 마쳤습니다. (0x12B)
[0514/164845.378:WARNING:pe_image_reader.cc(340)] could not read dos header from C:\WINDOWS\SYSTEM32\ntdll.dll
[0514/164845.378:ERROR:process_memory_win.cc(73)] ReadMemory at 0x7ffa67640000 of 64 bytes failed: ReadProcessMemory 또는 WriteProcessMemory의 일부 작업만을 마쳤습니다. (0x12B)
[0514/164845.378:WARNING:pe_image_reader.cc(340)] could not read dos header from C:\WINDOWS\System32\KERNEL32.DLL
[0514/164845.378:ERROR:process_memory_win.cc(73)] ReadMemory at 0x7ffa66240000 of 64 bytes failed: ReadProcessMemory 또는 WriteProcessMemory의 일부 작업만을 마쳤습니다. (0x12B)
[0514/164845.378:WARNING:pe_image_reader.cc(340)] could not read dos header from C:\WINDOWS\System32\KERNELBASE.dll
[0514/164845.378:ERROR:process_memory_win.cc(73)] ReadMemory at 0x7ffa32a50000 of 64 bytes failed: ReadProcessMemory 또는 WriteProcessMemory의 일부 작업만을 마쳤습니다. (0x12B)
[0514/164845.379:WARNING:pe_image_reader.cc(340)] could not read dos header from C:\Program Files (x86)\Google\Chrome\Application\81.0.4044.138\chrome_elf.dll
[0514/164845.379:ERROR:process_memory_win.cc(73)] ReadMemory at 0x7ffa5df30000 of 64 bytes failed: ReadProcessMemory 또는 WriteProcessMemory의 일부 작업만을 마쳤습니다. (0x12B)
[0514/164845.379:WARNING:pe_image_reader.cc(340)] could not read dos header from C:\WINDOWS\SYSTEM32\VERSION.dll
[0514/164845.379:ERROR:process_memory_win.cc(73)] ReadMemory at 0x2d155d20000 of 64 bytes failed: ReadProcessMemory 또는 WriteProcessMemory의 일부 작업만을 마쳤습니다. (0x12B)
[0514/164845.379:WARNING:pe_image_reader.cc(340)] could not read dos header from C:\WINDOWS\System32\msvcrt.dll
[0514/164845.379:ERROR:process_memory_win.cc(73)] ReadMemory at 0x7ffa65d40000 of 64 bytes failed: ReadProcessMemory 또는 WriteProcessMemory의 일부 작업만을 마쳤습니다. (0x12B)
[0514/164845.379:WARNING:pe_image_reader.cc(340)] could not read dos header from C:\WINDOWS\System32\bcryptPrimitives.dll
[0514/164845.379:ERROR:process_memory_win.cc(73)] ReadMemory at 0x7ffa682c0000 of 64 bytes failed: ReadProcessMemory 또는 WriteProcessMemory의 일부 작업만을 마쳤습니다. (0x12B)
[0514/164845.379:WARNING:pe_image_reader.cc(340)] could not read dos header from C:\WINDOWS\System32\ADVAPI32.dll
[0514/164845.379:ERROR:process_memory_win.cc(73)] ReadMemory at 0x7ffa66ae0000 of 64 bytes failed: ReadProcessMemory 또는 WriteProcessMemory의 일부 작업만을 마쳤습니다. (0x12B)
[0514/164845.379:WARNING:pe_image_reader.cc(340)] could not read dos header from C:\WINDOWS\System32\sechost.dll
[0514/164845.379:ERROR:process_memory_win.cc(73)] ReadMemory at 0x7ffa67520000 of 64 bytes failed: ReadProcessMemory 또는 WriteProcessMemory의 일부 작업만을 마쳤습니다. (0x12B)
[0514/164845.379:WARNING:pe_image_reader.cc(340)] could not read dos header from C:\WINDOWS\System32\RPCRT4.dll
[0514/164845.379:ERROR:process_memory_win.cc(73)] ReadMemory at 0x7ffa13200000 of 64 bytes failed: ReadProcessMemory 또는 WriteProcessMemory의 일부 작업만을 마쳤습니다. (0x12B)
[0514/164845.379:WARNING:pe_image_reader.cc(340)] could not read dos header from C:\Program Files (x86)\Google\Chrome\Application\81.0.4044.138\chrome.dll
[0514/164845.379:ERROR:process_memory_win.cc(73)] ReadMemory at 0x7ffa67820000 of 64 bytes failed: ReadProcessMemory 또는 WriteProcessMemory의 일부 작업만을 마쳤습니다. (0x12B)
[0514/164845.379:WARNING:pe_image_reader.cc(340)] could not read dos header from C:\WINDOWS\System32\WS2_32.dll
[0514/164845.379:ERROR:process_memory_win.cc(73)] ReadMemory at 0x7ffa67090000 of 64 bytes failed: ReadProcessMemory 또는 WriteProcessMemory의 일부 작업만을 마쳤습니다. (0x12B)
[0514/164845.380:WARNING:pe_image_reader.cc(340)] could not read dos header from C:\WINDOWS\System32\OLEAUT32.dll
[0514/164845.380:ERROR:process_memory_win.cc(73)] ReadMemory at 0x7ffa65bd0000 of 64 bytes failed: ReadProcessMemory 또는 WriteProcessMemory의 일부 작업만을 마쳤습니다. (0x12B)
[0514/164845.380:WARNING:pe_image_reader.cc(340)] could not read dos header from C:\WINDOWS\System32\msvcp_win.dll
[0514/164845.380:ERROR:process_memory_win.cc(73)] ReadMemory at 0x7ffa65fc0000 of 64 bytes failed: ReadProcessMemory 또는 WriteProcessMemory의 일부 작업만을 마쳤습니다. (0x12B)
[0514/164845.380:WARNING:pe_image_reader.cc(340)] could not read dos header from C:\WINDOWS\System32\ucrtbase.dll
[0514/164845.380:ERROR:process_memory_win.cc(73)] ReadMemory at 0x7ffa671e0000 of 64 bytes failed: ReadProcessMemory 또는 WriteProcessMemory의 일부 작업만을 마쳤습니다. (0x12B)
[0514/164845.380:WARNING:pe_image_reader.cc(340)] could not read dos header from C:\WINDOWS\System32\combase.dll
[0514/164845.380:ERROR:process_memory_win.cc(73)] ReadMemory at 0x7ffa65f60000 of 64 bytes failed: ReadProcessMemory 또는 WriteProcessMemory의 일부 작업만을 마쳤습니다. (0x12B)
[0514/164845.380:WARNING:pe_image_reader.cc(340)] could not read dos header from C:\WINDOWS\System32\WINTRUST.dll
[0514/164845.380:ERROR:process_memory_win.cc(73)] ReadMemory at 0x7ffa653b0000 of 64 bytes failed: ReadProcessMemory 또는 WriteProcessMemory의 일부 작업만을 마쳤습니다. (0x12B)
[0514/164845.380:WARNING:pe_image_reader.cc(340)] could not read dos header from C:\WINDOWS\System32\MSASN1.dll
[0514/164845.380:ERROR:process_memory_win.cc(73)] ReadMemory at 0x7ffa660c0000 of 64 bytes failed: ReadProcessMemory 또는 WriteProcessMemory의 일부 작업만을 마쳤습니다. (0x12B)
[0514/164845.380:WARNING:pe_image_reader.cc(340)] could not read dos header from C:\WINDOWS\System32\CRYPT32.dll
[0514/164845.380:ERROR:process_memory_win.cc(73)] ReadMemory at 0x7ffa648a0000 of 64 bytes failed: ReadProcessMemory 또는 WriteProcessMemory의 일부 작업만을 마쳤습니다. (0x12B)
[0514/164845.380:WARNING:pe_image_reader.cc(340)] could not read dos header from C:\WINDOWS\SYSTEM32\IPHLPAPI.DLL
[0514/164845.380:ERROR:process_memory_win.cc(73)] ReadMemory at 0x7ffa5bdb0000 of 64 bytes failed: ReadProcessMemory 또는 WriteProcessMemory의 일부 작업만을 마쳤습니다. (0x12B)
[0514/164845.380:WARNING:pe_image_reader.cc(340)] could not read dos header from C:\WINDOWS\SYSTEM32\WINMM.dll
[0514/164845.380:ERROR:process_memory_win.cc(73)] ReadMemory at 0x7ffa54af0000 of 64 bytes failed: ReadProcessMemory 또는 WriteProcessMemory의 일부 작업만을 마쳤습니다. (0x12B)
[0514/164845.380:WARNING:pe_image_reader.cc(340)] could not read dos header from C:\WINDOWS\SYSTEM32\Secur32.dll
[0514/164845.380:ERROR:process_memory_win.cc(73)] ReadMemory at 0x7ffa652a0000 of 64 bytes failed: ReadProcessMemory 또는 WriteProcessMemory의 일부 작업만을 마쳤습니다. (0x12B)
[0514/164845.380:WARNING:pe_image_reader.cc(340)] could not read dos header from C:\WINDOWS\SYSTEM32\USERENV.dll
[0514/164845.381:ERROR:process_memory_win.cc(73)] ReadMemory at 0x7ffa65420000 of 64 bytes failed: ReadProcessMemory 또는 WriteProcessMemory의 일부 작업만을 마쳤습니다. (0x12B)
[0514/164845.381:WARNING:pe_image_reader.cc(340)] could not read dos header from C:\WINDOWS\System32\profapi.dll
[0514/164845.381:ERROR:process_memory_win.cc(73)] ReadMemory at 0x7ffa39fc0000 of 64 bytes failed: ReadProcessMemory 또는 WriteProcessMemory의 일부 작업만을 마쳤습니다. (0x12B)
[0514/164845.381:WARNING:pe_image_reader.cc(340)] could not read dos header from C:\WINDOWS\SYSTEM32\UIAutomationCore.DLL
[0514/164845.381:ERROR:process_memory_win.cc(73)] ReadMemory at 0x7ffa487f0000 of 64 bytes failed: ReadProcessMemory 또는 WriteProcessMemory의 일부 작업만을 마쳤습니다. (0x12B)
[0514/164845.381:WARNING:pe_image_reader.cc(340)] could not read dos header from C:\WINDOWS\SYSTEM32\DWrite.dll
[0514/164845.381:ERROR:process_memory_win.cc(73)] ReadMemory at 0x7ffa3fe40000 of 64 bytes failed: ReadProcessMemory 또는 WriteProcessMemory의 일부 작업만을 마쳤습니다. (0x12B)
[0514/164845.381:WARNING:pe_image_reader.cc(340)] could not read dos header from C:\WINDOWS\SYSTEM32\WINSPOOL.DRV
[0514/164845.381:ERROR:process_memory_win.cc(73)] ReadMemory at 0x7ffa65390000 of 64 bytes failed: ReadProcessMemory 또는 WriteProcessMemory의 일부 작업만을 마쳤습니다. (0x12B)
[0514/164845.381:WARNING:pe_image_reader.cc(340)] could not read dos header from C:\WINDOWS\System32\kernel.appcore.dll
[0514/164845.381:ERROR:process_memory_win.cc(73)] ReadMemory at 0x7ffa66540000 of 64 bytes failed: ReadProcessMemory 또는 WriteProcessMemory의 일부 작업만을 마쳤습니다. (0x12B)
[0514/164845.381:WARNING:pe_image_reader.cc(340)] could not read dos header from C:\WINDOWS\System32\bcrypt.dll
[0514/164845.381:ERROR:process_memory_win.cc(73)] ReadMemory at 0x7ffa63d50000 of 64 bytes failed: ReadProcessMemory 또는 WriteProcessMemory의 일부 작업만을 마쳤습니다. (0x12B)
[0514/164845.381:WARNING:pe_image_reader.cc(340)] could not read dos header from C:\WINDOWS\SYSTEM32\dbghelp.dll
[0514/164845.381:ERROR:process_memory_win.cc(73)] ReadMemory at 0x7ffa630c0000 of 64 bytes failed: ReadProcessMemory 또는 WriteProcessMemory의 일부 작업만을 마쳤습니다. (0x12B)
[0514/164845.381:WARNING:pe_image_reader.cc(340)] could not read dos header from C:\WINDOWS\SYSTEM32\WINHTTP.dll
[0514/164845.381:ERROR:process_memory_win.cc(73)] ReadMemory at 0x7ffa5de10000 of 64 bytes failed: ReadProcessMemory 또는 WriteProcessMemory의 일부 작업만을 마쳤습니다. (0x12B)
[0514/164845.381:WARNING:pe_image_reader.cc(340)] could not read dos header from C:\WINDOWS\SYSTEM32\dhcpcsvc.DLL
[0514/164845.381:ERROR:process_memory_win.cc(73)] ReadMemory at 0x7ffa66c10000 of 64 bytes failed: ReadProcessMemory 또는 WriteProcessMemory의 일부 작업만을 마쳤습니다. (0x12B)
[0514/164845.382:WARNING:pe_image_reader.cc(340)] could not read dos header from C:\WINDOWS\System32\NSI.dll
[0514/164845.382:ERROR:process_memory_win.cc(73)] ReadMemory at 0x7ffa5bd80000 of 64 bytes failed: ReadProcessMemory 또는 WriteProcessMemory의 일부 작업만을 마쳤습니다. (0x12B)
[0514/164845.382:WARNING:pe_image_reader.cc(340)] could not read dos header from C:\WINDOWS\SYSTEM32\WINMMBASE.dll
[0514/164845.382:ERROR:process_memory_win.cc(73)] ReadMemory at 0x7ffa664f0000 of 64 bytes failed: ReadProcessMemory 또는 WriteProcessMemory의 일부 작업만을 마쳤습니다. (0x12B)
[0514/164845.382:WARNING:pe_image_reader.cc(340)] could not read dos header from C:\WINDOWS\System32\cfgmgr32.dll
[0514/164845.382:ERROR:process_memory_win.cc(73)] ReadMemory at 0x7ffa61730000 of 64 bytes failed: ReadProcessMemory 또는 WriteProcessMemory의 일부 작업만을 마쳤습니다. (0x12B)
[0514/164845.382:WARNING:pe_image_reader.cc(340)] could not read dos header from C:\WINDOWS\SYSTEM32\PROPSYS.dll
[0514/164845.382:ERROR:process_memory_win.cc(73)] ReadMemory at 0x7ffa67890000 of 64 bytes failed: ReadProcessMemory 또는 WriteProcessMemory의 일부 작업만을 마쳤습니다. (0x12B)
[0514/164845.382:WARNING:pe_image_reader.cc(340)] could not read dos header from C:\WINDOWS\System32\shcore.dll
[0514/164845.382:ERROR:process_memory_win.cc(73)] ReadMemory at 0x7ffa65270000 of 64 bytes failed: ReadProcessMemory 또는 WriteProcessMemory의 일부 작업만을 마쳤습니다. (0x12B)
[0514/164845.382:WARNING:pe_image_reader.cc(340)] could not read dos header from C:\WINDOWS\SYSTEM32\SSPICLI.DLL
[0514/164845.382:ERROR:process_memory_win.cc(73)] ReadMemory at 0x7ffa64d60000 of 64 bytes failed: ReadProcessMemory 또는 WriteProcessMemory의 일부 작업만을 마쳤습니다. (0x12B)
[0514/164845.383:WARNING:pe_image_reader.cc(340)] could not read dos header from C:\WINDOWS\SYSTEM32\CRYPTBASE.DLL
[0514/164845.383:ERROR:process_memory_win.cc(73)] ReadMemory at 0x7ff788770000 of 64 bytes failed: ReadProcessMemory 또는 WriteProcessMemory의 일부 작업만을 마쳤습니다. (0x12B)
[0514/164845.383:WARNING:pe_image_reader.cc(340)] could not read dos header from C:\Program Files (x86)\Google\Chrome\Application\chrome.exe
[0514/164845.383:ERROR:process_memory_win.cc(73)] ReadMemory at 0x7ffa684c0000 of 64 bytes failed: ReadProcessMemory 또는 WriteProcessMemory의 일부 작업만을 마쳤습니다. (0x12B)
[0514/164845.383:WARNING:pe_image_reader.cc(340)] could not read dos header from C:\WINDOWS\SYSTEM32\ntdll.dll
[0514/164845.383:ERROR:process_memory_win.cc(73)] ReadMemory at 0x7ffa67640000 of 64 bytes failed: ReadProcessMemory 또는 WriteProcessMemory의 일부 작업만을 마쳤습니다. (0x12B)
[0514/164845.383:WARNING:pe_image_reader.cc(340)] could not read dos header from C:\WINDOWS\System32\KERNEL32.DLL
[0514/164845.383:ERROR:process_memory_win.cc(73)] ReadMemory at 0x7ffa66240000 of 64 bytes failed: ReadProcessMemory 또는 WriteProcessMemory의 일부 작업만을 마쳤습니다. (0x12B)
[0514/164845.383:WARNING:pe_image_reader.cc(340)] could not read dos header from C:\WINDOWS\System32\KERNELBASE.dll
[0514/164845.383:ERROR:process_memory_win.cc(73)] ReadMemory at 0x7ffa32a50000 of 64 bytes failed: ReadProcessMemory 또는 WriteProcessMemory의 일부 작업만을 마쳤습니다. (0x12B)
[0514/164845.383:WARNING:pe_image_reader.cc(340)] could not read dos header from C:\Program Files (x86)\Google\Chrome\Application\81.0.4044.138\chrome_elf.dll
[0514/164845.383:ERROR:process_memory_win.cc(73)] ReadMemory at 0x7ffa5df30000 of 64 bytes failed: ReadProcessMemory 또는 WriteProcessMemory의 일부 작업만을 마쳤습니다. (0x12B)
[0514/164845.384:WARNING:pe_image_reader.cc(340)] could not read dos header from C:\WINDOWS\SYSTEM32\VERSION.dll
[0514/164845.384:ERROR:process_memory_win.cc(73)] ReadMemory at 0x2d155d20000 of 64 bytes failed: ReadProcessMemory 또는 WriteProcessMemory의 일부 작업만을 마쳤습니다. (0x12B)
[0514/164845.384:WARNING:pe_image_reader.cc(340)] could not read dos header from C:\WINDOWS\System32\msvcrt.dll
[0514/164845.384:ERROR:process_memory_win.cc(73)] ReadMemory at 0x7ffa65d40000 of 64 bytes failed: ReadProcessMemory 또는 WriteProcessMemory의 일부 작업만을 마쳤습니다. (0x12B)
[0514/164845.384:WARNING:pe_image_reader.cc(340)] could not read dos header from C:\WINDOWS\System32\bcryptPrimitives.dll
[0514/164845.384:ERROR:process_memory_win.cc(73)] ReadMemory at 0x7ffa682c0000 of 64 bytes failed: ReadProcessMemory 또는 WriteProcessMemory의 일부 작업만을 마쳤습니다. (0x12B)
[0514/164845.384:WARNING:pe_image_reader.cc(340)] could not read dos header from C:\WINDOWS\System32\ADVAPI32.dll
[0514/164845.384:ERROR:process_memory_win.cc(73)] ReadMemory at 0x7ffa66ae0000 of 64 bytes failed: ReadProcessMemory 또는 WriteProcessMemory의 일부 작업만을 마쳤습니다. (0x12B)
[0514/164845.384:WARNING:pe_image_reader.cc(340)] could not read dos header from C:\WINDOWS\System32\sechost.dll
[0514/164845.384:ERROR:process_memory_win.cc(73)] ReadMemory at 0x7ffa67520000 of 64 bytes failed: ReadProcessMemory 또는 WriteProcessMemory의 일부 작업만을 마쳤습니다. (0x12B)
[0514/164845.384:WARNING:pe_image_reader.cc(340)] could not read dos header from C:\WINDOWS\System32\RPCRT4.dll
[0514/164845.384:ERROR:process_memory_win.cc(73)] ReadMemory at 0x7ffa13200000 of 64 bytes failed: ReadProcessMemory 또는 WriteProcessMemory의 일부 작업만을 마쳤습니다. (0x12B)
[0514/164845.385:WARNING:pe_image_reader.cc(340)] could not read dos header from C:\Program Files (x86)\Google\Chrome\Application\81.0.4044.138\chrome.dll
[0514/164845.385:ERROR:process_memory_win.cc(73)] ReadMemory at 0x7ffa67820000 of 64 bytes failed: ReadProcessMemory 또는 WriteProcessMemory의 일부 작업만을 마쳤습니다. (0x12B)
[0514/164845.385:WARNING:pe_image_reader.cc(340)] could not read dos header from C:\WINDOWS\System32\WS2_32.dll
[0514/164845.385:ERROR:process_memory_win.cc(73)] ReadMemory at 0x7ffa67090000 of 64 bytes failed: ReadProcessMemory 또는 WriteProcessMemory의 일부 작업만을 마쳤습니다. (0x12B)
[0514/164845.385:WARNING:pe_image_reader.cc(340)] could not read dos header from C:\WINDOWS\System32\OLEAUT32.dll
[0514/164845.385:ERROR:process_memory_win.cc(73)] ReadMemory at 0x7ffa65bd0000 of 64 bytes failed: ReadProcessMemory 또는 WriteProcessMemory의 일부 작업만을 마쳤습니다. (0x12B)
[0514/164845.385:WARNING:pe_image_reader.cc(340)] could not read dos header from C:\WINDOWS\System32\msvcp_win.dll
[0514/164845.385:ERROR:process_memory_win.cc(73)] ReadMemory at 0x7ffa65fc0000 of 64 bytes failed: ReadProcessMemory 또는 WriteProcessMemory의 일부 작업만을 마쳤습니다. (0x12B)
[0514/164845.385:WARNING:pe_image_reader.cc(340)] could not read dos header from C:\WINDOWS\System32\ucrtbase.dll
[0514/164845.385:ERROR:process_memory_win.cc(73)] ReadMemory at 0x7ffa671e0000 of 64 bytes failed: ReadProcessMemory 또는 WriteProcessMemory의 일부 작업만을 마쳤습니다. (0x12B)
[0514/164845.385:WARNING:pe_image_reader.cc(340)] could not read dos header from C:\WINDOWS\System32\combase.dll
[0514/164845.386:ERROR:process_memory_win.cc(73)] ReadMemory at 0x7ffa65f60000 of 64 bytes failed: ReadProcessMemory 또는 WriteProcessMemory의 일부 작업만을 마쳤습니다. (0x12B)
[0514/164845.386:WARNING:pe_image_reader.cc(340)] could not read dos header from C:\WINDOWS\System32\WINTRUST.dll
[0514/164845.386:ERROR:process_memory_win.cc(73)] ReadMemory at 0x7ffa653b0000 of 64 bytes failed: ReadProcessMemory 또는 WriteProcessMemory의 일부 작업만을 마쳤습니다. (0x12B)
[0514/164845.386:WARNING:pe_image_reader.cc(340)] could not read dos header from C:\WINDOWS\System32\MSASN1.dll
[0514/164845.386:ERROR:process_memory_win.cc(73)] ReadMemory at 0x7ffa660c0000 of 64 bytes failed: ReadProcessMemory 또는 WriteProcessMemory의 일부 작업만을 마쳤습니다. (0x12B)
[0514/164845.386:WARNING:pe_image_reader.cc(340)] could not read dos header from C:\WINDOWS\System32\CRYPT32.dll
[0514/164845.386:ERROR:process_memory_win.cc(73)] ReadMemory at 0x7ffa648a0000 of 64 bytes failed: ReadProcessMemory 또는 WriteProcessMemory의 일부 작업만을 마쳤습니다. (0x12B)
[0514/164845.386:WARNING:pe_image_reader.cc(340)] could not read dos header from C:\WINDOWS\SYSTEM32\IPHLPAPI.DLL
[0514/164845.386:ERROR:process_memory_win.cc(73)] ReadMemory at 0x7ffa5bdb0000 of 64 bytes failed: ReadProcessMemory 또는 WriteProcessMemory의 일부 작업만을 마쳤습니다. (0x12B)
[0514/164845.386:WARNING:pe_image_reader.cc(340)] could not read dos header from C:\WINDOWS\SYSTEM32\WINMM.dll
[0514/164845.386:ERROR:process_memory_win.cc(73)] ReadMemory at 0x7ffa54af0000 of 64 bytes failed: ReadProcessMemory 또는 WriteProcessMemory의 일부 작업만을 마쳤습니다. (0x12B)
[0514/164845.387:WARNING:pe_image_reader.cc(340)] could not read dos header from C:\WINDOWS\SYSTEM32\Secur32.dll
[0514/164845.387:ERROR:process_memory_win.cc(73)] ReadMemory at 0x7ffa652a0000 of 64 bytes failed: ReadProcessMemory 또는 WriteProcessMemory의 일부 작업만을 마쳤습니다. (0x12B)
[0514/164845.387:WARNING:pe_image_reader.cc(340)] could not read dos header from C:\WINDOWS\SYSTEM32\USERENV.dll
[0514/164845.387:ERROR:process_memory_win.cc(73)] ReadMemory at 0x7ffa65420000 of 64 bytes failed: ReadProcessMemory 또는 WriteProcessMemory의 일부 작업만을 마쳤습니다. (0x12B)
[0514/164845.387:WARNING:pe_image_reader.cc(340)] could not read dos header from C:\WINDOWS\System32\profapi.dll
[0514/164845.387:ERROR:process_memory_win.cc(73)] ReadMemory at 0x7ffa39fc0000 of 64 bytes failed: ReadProcessMemory 또는 WriteProcessMemory의 일부 작업만을 마쳤습니다. (0x12B)
[0514/164845.387:WARNING:pe_image_reader.cc(340)] could not read dos header from C:\WINDOWS\SYSTEM32\UIAutomationCore.DLL
[0514/164845.387:ERROR:process_memory_win.cc(73)] ReadMemory at 0x7ffa487f0000 of 64 bytes failed: ReadProcessMemory 또는 WriteProcessMemory의 일부 작업만을 마쳤습니다. (0x12B)
[0514/164845.387:WARNING:pe_image_reader.cc(340)] could not read dos header from C:\WINDOWS\SYSTEM32\DWrite.dll
[0514/164845.387:ERROR:process_memory_win.cc(73)] ReadMemory at 0x7ffa3fe40000 of 64 bytes failed: ReadProcessMemory 또는 WriteProcessMemory의 일부 작업만을 마쳤습니다. (0x12B)
[0514/164845.387:WARNING:pe_image_reader.cc(340)] could not read dos header from C:\WINDOWS\SYSTEM32\WINSPOOL.DRV
[0514/164845.387:ERROR:process_memory_win.cc(73)] ReadMemory at 0x7ffa65390000 of 64 bytes failed: ReadProcessMemory 또는 WriteProcessMemory의 일부 작업만을 마쳤습니다. (0x12B)
[0514/164845.387:WARNING:pe_image_reader.cc(340)] could not read dos header from C:\WINDOWS\System32\kernel.appcore.dll
[0514/164845.387:ERROR:process_memory_win.cc(73)] ReadMemory at 0x7ffa66540000 of 64 bytes failed: ReadProcessMemory 또는 WriteProcessMemory의 일부 작업만을 마쳤습니다. (0x12B)
[0514/164845.387:WARNING:pe_image_reader.cc(340)] could not read dos header from C:\WINDOWS\System32\bcrypt.dll
[0514/164845.388:ERROR:process_memory_win.cc(73)] ReadMemory at 0x7ffa63d50000 of 64 bytes failed: ReadProcessMemory 또는 WriteProcessMemory의 일부 작업만을 마쳤습니다. (0x12B)
[0514/164845.388:WARNING:pe_image_reader.cc(340)] could not read dos header from C:\WINDOWS\SYSTEM32\dbghelp.dll
[0514/164845.388:ERROR:process_memory_win.cc(73)] ReadMemory at 0x7ffa630c0000 of 64 bytes failed: ReadProcessMemory 또는 WriteProcessMemory의 일부 작업만을 마쳤습니다. (0x12B)
[0514/164845.388:WARNING:pe_image_reader.cc(340)] could not read dos header from C:\WINDOWS\SYSTEM32\WINHTTP.dll
[0514/164845.388:ERROR:process_memory_win.cc(73)] ReadMemory at 0x7ffa5de10000 of 64 bytes failed: ReadProcessMemory 또는 WriteProcessMemory의 일부 작업만을 마쳤습니다. (0x12B)
[0514/164845.388:WARNING:pe_image_reader.cc(340)] could not read dos header from C:\WINDOWS\SYSTEM32\dhcpcsvc.DLL
[0514/164845.388:ERROR:process_memory_win.cc(73)] ReadMemory at 0x7ffa66c10000 of 64 bytes failed: ReadProcessMemory 또는 WriteProcessMemory의 일부 작업만을 마쳤습니다. (0x12B)
[0514/164845.388:WARNING:pe_image_reader.cc(340)] could not read dos header from C:\WINDOWS\System32\NSI.dll
[0514/164845.388:ERROR:process_memory_win.cc(73)] ReadMemory at 0x7ffa5bd80000 of 64 bytes failed: ReadProcessMemory 또는 WriteProcessMemory의 일부 작업만을 마쳤습니다. (0x12B)
[0514/164845.388:WARNING:pe_image_reader.cc(340)] could not read dos header from C:\WINDOWS\SYSTEM32\WINMMBASE.dll
[0514/164845.388:ERROR:process_memory_win.cc(73)] ReadMemory at 0x7ffa664f0000 of 64 bytes failed: ReadProcessMemory 또는 WriteProcessMemory의 일부 작업만을 마쳤습니다. (0x12B)
[0514/164845.388:WARNING:pe_image_reader.cc(340)] could not read dos header from C:\WINDOWS\System32\cfgmgr32.dll
[0514/164845.388:ERROR:process_memory_win.cc(73)] ReadMemory at 0x7ffa61730000 of 64 bytes failed: ReadProcessMemory 또는 WriteProcessMemory의 일부 작업만을 마쳤습니다. (0x12B)
[0514/164845.388:WARNING:pe_image_reader.cc(340)] could not read dos header from C:\WINDOWS\SYSTEM32\PROPSYS.dll
[0514/164845.389:ERROR:process_memory_win.cc(73)] ReadMemory at 0x7ffa67890000 of 64 bytes failed: ReadProcessMemory 또는 WriteProcessMemory의 일부 작업만을 마쳤습니다. (0x12B)
[0514/164845.389:WARNING:pe_image_reader.cc(340)] could not read dos header from C:\WINDOWS\System32\shcore.dll
[0514/164845.389:ERROR:process_memory_win.cc(73)] ReadMemory at 0x7ffa65270000 of 64 bytes failed: ReadProcessMemory 또는 WriteProcessMemory의 일부 작업만을 마쳤습니다. (0x12B)
[0514/164845.389:WARNING:pe_image_reader.cc(340)] could not read dos header from C:\WINDOWS\SYSTEM32\SSPICLI.DLL
[0514/164845.389:ERROR:process_memory_win.cc(73)] ReadMemory at 0x7ffa64d60000 of 64 bytes failed: ReadProcessMemory 또는 WriteProcessMemory의 일부 작업만을 마쳤습니다. (0x12B)
[0514/164845.389:WARNING:pe_image_reader.cc(340)] could not read dos header from C:\WINDOWS\SYSTEM32\CRYPTBASE.DLL
[0514/164845.506:ERROR:process_memory_win.cc(73)] ReadMemory at 0xdf5a5f1000 of 61440 bytes failed: ReadProcessMemory 또는 WriteProcessMemory의 일부 작업만을 마쳤습니다. (0x12B)
[0514/164845.506:ERROR:process_memory_win.cc(73)] ReadMemory at 0xdf5adfd000 of 12288 bytes failed: ReadProcessMemory 또는 WriteProcessMemory의 일부 작업만을 마쳤습니다. (0x12B)
[0514/164845.506:ERROR:process_memory_win.cc(73)] ReadMemory at 0xdf5bdfc000 of 16384 bytes failed: ReadProcessMemory 또는 WriteProcessMemory의 일부 작업만을 마쳤습니다. (0x12B)
[0514/164845.506:ERROR:process_memory_win.cc(73)] ReadMemory at 0xdf5c5fc000 of 16384 bytes failed: ReadProcessMemory 또는 WriteProcessMemory의 일부 작업만을 마쳤습니다. (0x12B)
[0514/164845.506:ERROR:process_memory_win.cc(73)] ReadMemory at 0xdf5cdfe000 of 8192 bytes failed: ReadProcessMemory 또는 WriteProcessMemory의 일부 작업만을 마쳤습니다. (0x12B)
[0514/164845.507:ERROR:process_memory_win.cc(73)] ReadMemory at 0xdf5d5fd000 of 12288 bytes failed: ReadProcessMemory 또는 WriteProcessMemory의 일부 작업만을 마쳤습니다. (0x12B)
[0514/164845.507:ERROR:process_memory_win.cc(73)] ReadMemory at 0xdf5ddfb000 of 20480 bytes failed: ReadProcessMemory 또는 WriteProcessMemory의 일부 작업만을 마쳤습니다. (0x12B)
[0514/164845.507:ERROR:process_memory_win.cc(73)] ReadMemory at 0xdf5edfd000 of 12288 bytes failed: ReadProcessMemory 또는 WriteProcessMemory의 일부 작업만을 마쳤습니다. (0x12B)
[0514/164845.507:ERROR:process_memory_win.cc(73)] ReadMemory at 0xdf5f5f6000 of 40960 bytes failed: ReadProcessMemory 또는 WriteProcessMemory의 일부 작업만을 마쳤습니다. (0x12B)
[0514/164845.507:ERROR:process_memory_win.cc(73)] ReadMemory at 0xdf5fdf6000 of 40960 bytes failed: ReadProcessMemory 또는 WriteProcessMemory의 일부 작업만을 마쳤습니다. (0x12B)
[0514/164845.507:ERROR:process_memory_win.cc(73)] ReadMemory at 0xdf605f7000 of 36864 bytes failed: ReadProcessMemory 또는 WriteProcessMemory의 일부 작업만을 마쳤습니다. (0x12B)
[0514/164845.508:ERROR:process_memory_win.cc(73)] ReadMemory at 0xdf60df7000 of 36864 bytes failed: ReadProcessMemory 또는 WriteProcessMemory의 일부 작업만을 마쳤습니다. (0x12B)
[0514/164845.508:ERROR:process_memory_win.cc(73)] ReadMemory at 0xdf615fc000 of 16384 bytes failed: ReadProcessMemory 또는 WriteProcessMemory의 일부 작업만을 마쳤습니다. (0x12B)
[0514/164845.508:ERROR:process_memory_win.cc(73)] ReadMemory at 0xdf645fd000 of 12288 bytes failed: ReadProcessMemory 또는 WriteProcessMemory의 일부 작업만을 마쳤습니다. (0x12B)
[0514/164845.508:ERROR:process_memory_win.cc(73)] ReadMemory at 0xdf625f5000 of 45056 bytes failed: ReadProcessMemory 또는 WriteProcessMemory의 일부 작업만을 마쳤습니다. (0x12B)
[0514/164845.508:ERROR:process_memory_win.cc(73)] ReadMemory at 0xdf5b5fc000 of 16384 bytes failed: ReadProcessMemory 또는 WriteProcessMemory의 일부 작업만을 마쳤습니다. (0x12B)
[0514/164845.508:ERROR:process_memory_win.cc(73)] ReadMemory at 0xdf5e5f5000 of 45056 bytes failed: ReadProcessMemory 또는 WriteProcessMemory의 일부 작업만을 마쳤습니다. (0x12B)
[0514/164845.508:ERROR:process_memory_win.cc(73)] ReadMemory at 0xdf61dfc000 of 16384 bytes failed: ReadProcessMemory 또는 WriteProcessMemory의 일부 작업만을 마쳤습니다. (0x12B)
[0514/164845.509:ERROR:process_memory_win.cc(73)] ReadMemory at 0xdf62dfc000 of 16384 bytes failed: ReadProcessMemory 또는 WriteProcessMemory의 일부 작업만을 마쳤습니다. (0x12B)
[0514/164845.509:ERROR:process_memory_win.cc(73)] ReadMemory at 0xdf635fc000 of 16384 bytes failed: ReadProcessMemory 또는 WriteProcessMemory의 일부 작업만을 마쳤습니다. (0x12B)
[0514/164845.509:ERROR:process_memory_win.cc(73)] ReadMemory at 0xdf63df5000 of 45056 bytes failed: ReadProcessMemory 또는 WriteProcessMemory의 일부 작업만을 마쳤습니다. (0x12B)
[0514/164845.509:ERROR:process_memory_win.cc(73)] ReadMemory at 0xdf64dfe000 of 8192 bytes failed: ReadProcessMemory 또는 WriteProcessMemory의 일부 작업만을 마쳤습니다. (0x12B)
[0514/164845.509:ERROR:process_memory_win.cc(73)] ReadMemory at 0xdf59d4d000 of 852 bytes failed: ReadProcessMemory 또는 WriteProcessMemory의 일부 작업만을 마쳤습니다. (0x12B)
[0514/164845.509:ERROR:process_memory_win.cc(73)] ReadMemory at 0xdf59d4e000 of 6024 bytes failed: ReadProcessMemory 또는 WriteProcessMemory의 일부 작업만을 마쳤습니다. (0x12B)
[0514/164845.510:ERROR:process_memory_win.cc(73)] ReadMemory at 0xdf59d50000 of 6024 bytes failed: ReadProcessMemory 또는 WriteProcessMemory의 일부 작업만을 마쳤습니다. (0x12B)
[0514/164845.510:ERROR:process_memory_win.cc(73)] ReadMemory at 0xdf59d54000 of 6024 bytes failed: ReadProcessMemory 또는 WriteProcessMemory의 일부 작업만을 마쳤습니다. (0x12B)
[0514/164845.510:ERROR:process_memory_win.cc(73)] ReadMemory at 0xdf59d56000 of 6024 bytes failed: ReadProcessMemory 또는 WriteProcessMemory의 일부 작업만을 마쳤습니다. (0x12B)
[0514/164845.510:ERROR:process_memory_win.cc(73)] ReadMemory at 0xdf59d58000 of 6024 bytes failed: ReadProcessMemory 또는 WriteProcessMemory의 일부 작업만을 마쳤습니다. (0x12B)
[0514/164845.510:ERROR:process_memory_win.cc(73)] ReadMemory at 0xdf59d5a000 of 6024 bytes failed: ReadProcessMemory 또는 WriteProcessMemory의 일부 작업만을 마쳤습니다. (0x12B)
[0514/164845.510:ERROR:process_memory_win.cc(73)] ReadMemory at 0xdf59d5c000 of 6024 bytes failed: ReadProcessMemory 또는 WriteProcessMemory의 일부 작업만을 마쳤습니다. (0x12B)
[0514/164845.510:ERROR:process_memory_win.cc(73)] ReadMemory at 0xdf59d60000 of 6024 bytes failed: ReadProcessMemory 또는 WriteProcessMemory의 일부 작업만을 마쳤습니다. (0x12B)
[0514/164845.510:ERROR:process_memory_win.cc(73)] ReadMemory at 0xdf59d62000 of 6024 bytes failed: ReadProcessMemory 또는 WriteProcessMemory의 일부 작업만을 마쳤습니다. (0x12B)
[0514/164845.511:ERROR:process_memory_win.cc(73)] ReadMemory at 0xdf59d64000 of 6024 bytes failed: ReadProcessMemory 또는 WriteProcessMemory의 일부 작업만을 마쳤습니다. (0x12B)
[0514/164845.511:ERROR:process_memory_win.cc(73)] ReadMemory at 0xdf59d66000 of 6024 bytes failed: ReadProcessMemory 또는 WriteProcessMemory의 일부 작업만을 마쳤습니다. (0x12B)
[0514/164845.511:ERROR:process_memory_win.cc(73)] ReadMemory at 0xdf59d68000 of 6024 bytes failed: ReadProcessMemory 또는 WriteProcessMemory의 일부 작업만을 마쳤습니다. (0x12B)
[0514/164845.511:ERROR:process_memory_win.cc(73)] ReadMemory at 0xdf59d6a000 of 6024 bytes failed: ReadProcessMemory 또는 WriteProcessMemory의 일부 작업만을 마쳤습니다. (0x12B)
[0514/164845.511:ERROR:process_memory_win.cc(73)] ReadMemory at 0xdf59d78000 of 6024 bytes failed: ReadProcessMemory 또는 WriteProcessMemory의 일부 작업만을 마쳤습니다. (0x12B)
[0514/164845.511:ERROR:process_memory_win.cc(73)] ReadMemory at 0xdf59d7e000 of 6024 bytes failed: ReadProcessMemory 또는 WriteProcessMemory의 일부 작업만을 마쳤습니다. (0x12B)
[0514/164845.511:ERROR:process_memory_win.cc(73)] ReadMemory at 0xdf59d8a000 of 6024 bytes failed: ReadProcessMemory 또는 WriteProcessMemory의 일부 작업만을 마쳤습니다. (0x12B)
[0514/164845.511:ERROR:process_memory_win.cc(73)] ReadMemory at 0xdf59d8c000 of 6024 bytes failed: ReadProcessMemory 또는 WriteProcessMemory의 일부 작업만을 마쳤습니다. (0x12B)
[0514/164845.512:ERROR:process_memory_win.cc(73)] ReadMemory at 0xdf59d8e000 of 6024 bytes failed: ReadProcessMemory 또는 WriteProcessMemory의 일부 작업만을 마쳤습니다. (0x12B)
[0514/164845.512:ERROR:process_memory_win.cc(73)] ReadMemory at 0xdf59d90000 of 6024 bytes failed: ReadProcessMemory 또는 WriteProcessMemory의 일부 작업만을 마쳤습니다. (0x12B)
[0514/164845.512:ERROR:process_memory_win.cc(73)] ReadMemory at 0xdf59d92000 of 6024 bytes failed: ReadProcessMemory 또는 WriteProcessMemory의 일부 작업만을 마쳤습니다. (0x12B)
[0514/164845.512:ERROR:process_memory_win.cc(73)] ReadMemory at 0xdf59d94000 of 6024 bytes failed: ReadProcessMemory 또는 WriteProcessMemory의 일부 작업만을 마쳤습니다. (0x12B)
[0514/164845.512:ERROR:process_memory_win.cc(73)] ReadMemory at 0xdf59d96000 of 6024 bytes failed: ReadProcessMemory 또는 WriteProcessMemory의 일부 작업만을 마쳤습니다. (0x12B)
[0514/164845.512:ERROR:process_memory_win.cc(73)] ReadMemory at 0x2d155b50fe0 of 13882 bytes failed: ReadProcessMemory 또는 WriteProcessMemory의 일부 작업만을 마쳤습니다. (0x12B)
[0514/164845.512:ERROR:process_memory_win.cc(73)] ReadMemory at 0x2d155b54630 of 1012 bytes failed: ReadProcessMemory 또는 WriteProcessMemory의 일부 작업만을 마쳤습니다. (0x12B)
[0514/164845.513:ERROR:process_memory_win.cc(73)] ReadMemory at 0x2d155b54c78 of 118 bytes failed: ReadProcessMemory 또는 WriteProcessMemory의 일부 작업만을 마쳤습니다. (0x12B)
[0514/164845.513:ERROR:process_memory_win.cc(73)] ReadMemory at 0x2d155b54cf0 of 760 bytes failed: ReadProcessMemory 또는 WriteProcessMemory의 일부 작업만을 마쳤습니다. (0x12B)
[0514/164845.513:ERROR:process_memory_win.cc(73)] ReadMemory at 0x2d155b54fea of 118 bytes failed: ReadProcessMemory 또는 WriteProcessMemory의 일부 작업만을 마쳤습니다. (0x12B)
[0514/164845.513:ERROR:process_memory_win.cc(73)] ReadMemory at 0x2d155b55062 of 102 bytes failed: ReadProcessMemory 또는 WriteProcessMemory의 일부 작업만을 마쳤습니다. (0x12B)
[0514/164845.513:ERROR:process_memory_win.cc(73)] ReadMemory at 0x2d155b550e0 of 58 bytes failed: ReadProcessMemory 또는 WriteProcessMemory의 일부 작업만을 마쳤습니다. (0x12B)
[0514/164845.513:ERROR:process_memory_win.cc(73)] ReadMemory at 0x2d155b551e0 of 132 bytes failed: ReadProcessMemory 또는 WriteProcessMemory의 일부 작업만을 마쳤습니다. (0x12B)
[0514/164845.513:ERROR:process_memory_win.cc(73)] ReadMemory at 0x2d155b55370 of 132 bytes failed: ReadProcessMemory 또는 WriteProcessMemory의 일부 작업만을 마쳤습니다. (0x12B)
[0514/164845.513:ERROR:process_memory_win.cc(73)] ReadMemory at 0x2d155b55530 of 126 bytes failed: ReadProcessMemory 또는 WriteProcessMemory의 일부 작업만을 마쳤습니다. (0x12B)
[0514/164845.513:ERROR:process_memory_win.cc(73)] ReadMemory at 0x2d155b55910 of 132 bytes failed: ReadProcessMemory 또는 WriteProcessMemory의 일부 작업만을 마쳤습니다. (0x12B)
[0514/164845.514:ERROR:process_memory_win.cc(73)] ReadMemory at 0x2d155b55aa0 of 64 bytes failed: ReadProcessMemory 또는 WriteProcessMemory의 일부 작업만을 마쳤습니다. (0x12B)
[0514/164845.514:ERROR:process_memory_win.cc(73)] ReadMemory at 0x2d155b55af0 of 132 bytes failed: ReadProcessMemory 또는 WriteProcessMemory의 일부 작업만을 마쳤습니다. (0x12B)
[0514/164845.514:ERROR:process_memory_win.cc(73)] ReadMemory at 0x2d155b55c60 of 132 bytes failed: ReadProcessMemory 또는 WriteProcessMemory의 일부 작업만을 마쳤습니다. (0x12B)
[0514/164845.514:ERROR:process_memory_win.cc(73)] ReadMemory at 0x2d155b55f00 of 132 bytes failed: ReadProcessMemory 또는 WriteProcessMemory의 일부 작업만을 마쳤습니다. (0x12B)
[0514/164845.514:ERROR:process_memory_win.cc(73)] ReadMemory at 0x2d155b56090 of 68 bytes failed: ReadProcessMemory 또는 WriteProcessMemory의 일부 작업만을 마쳤습니다. (0x12B)
[0514/164845.514:ERROR:process_memory_win.cc(73)] ReadMemory at 0x2d155b57100 of 132 bytes failed: ReadProcessMemory 또는 WriteProcessMemory의 일부 작업만을 마쳤습니다. (0x12B)
[0514/164845.514:ERROR:process_memory_win.cc(73)] ReadMemory at 0x2d155b57290 of 154 bytes failed: ReadProcessMemory 또는 WriteProcessMemory의 일부 작업만을 마쳤습니다. (0x12B)
[0514/164845.514:ERROR:process_memory_win.cc(73)] ReadMemory at 0x2d155b58090 of 62 bytes failed: ReadProcessMemory 또는 WriteProcessMemory의 일부 작업만을 마쳤습니다. (0x12B)
[0514/164845.515:ERROR:process_memory_win.cc(73)] ReadMemory at 0x2d155b58110 of 146 bytes failed: ReadProcessMemory 또는 WriteProcessMemory의 일부 작업만을 마쳤습니다. (0x12B)
[0514/164845.515:ERROR:process_memory_win.cc(73)] ReadMemory at 0x2d155b581f0 of 132 bytes failed: ReadProcessMemory 또는 WriteProcessMemory의 일부 작업만을 마쳤습니다. (0x12B)
[0514/164845.515:ERROR:process_memory_win.cc(73)] ReadMemory at 0x2d155b58380 of 60 bytes failed: ReadProcessMemory 또는 WriteProcessMemory의 일부 작업만을 마쳤습니다. (0x12B)
[0514/164845.515:ERROR:process_memory_win.cc(73)] ReadMemory at 0x2d155b59d90 of 132 bytes failed: ReadProcessMemory 또는 WriteProcessMemory의 일부 작업만을 마쳤습니다. (0x12B)
[0514/164845.515:ERROR:process_memory_win.cc(73)] ReadMemory at 0x2d155b5a0f0 of 132 bytes failed: ReadProcessMemory 또는 WriteProcessMemory의 일부 작업만을 마쳤습니다. (0x12B)
[0514/164845.515:ERROR:process_memory_win.cc(73)] ReadMemory at 0x2d155b5a300 of 132 bytes failed: ReadProcessMemory 또는 WriteProcessMemory의 일부 작업만을 마쳤습니다. (0x12B)
[0514/164845.515:ERROR:process_memory_win.cc(73)] ReadMemory at 0x2d155b5a9d0 of 132 bytes failed: ReadProcessMemory 또는 WriteProcessMemory의 일부 작업만을 마쳤습니다. (0x12B)
[0514/164845.516:ERROR:process_memory_win.cc(73)] ReadMemory at 0x2d155b5ab60 of 80 bytes failed: ReadProcessMemory 또는 WriteProcessMemory의 일부 작업만을 마쳤습니다. (0x12B)
[0514/164845.516:ERROR:process_memory_win.cc(73)] ReadMemory at 0x2d155b5d120 of 66 bytes failed: ReadProcessMemory 또는 WriteProcessMemory의 일부 작업만을 마쳤습니다. (0x12B)
[0514/164845.516:ERROR:process_memory_win.cc(73)] ReadMemory at 0x2d155b5d2b0 of 64 bytes failed: ReadProcessMemory 또는 WriteProcessMemory의 일부 작업만을 마쳤습니다. (0x12B)
[0514/164845.516:ERROR:process_memory_win.cc(73)] ReadMemory at 0x2d155b5d300 of 64 bytes failed: ReadProcessMemory 또는 WriteProcessMemory의 일부 작업만을 마쳤습니다. (0x12B)
[0514/164845.516:ERROR:process_memory_win.cc(73)] ReadMemory at 0x2d155b5d3a0 of 64 bytes failed: ReadProcessMemory 또는 WriteProcessMemory의 일부 작업만을 마쳤습니다. (0x12B)
[0514/164845.516:ERROR:process_memory_win.cc(73)] ReadMemory at 0x2d155b5d3f0 of 60 bytes failed: ReadProcessMemory 또는 WriteProcessMemory의 일부 작업만을 마쳤습니다. (0x12B)
[0514/164845.516:ERROR:process_memory_win.cc(73)] ReadMemory at 0x2d155b5d580 of 62 bytes failed: ReadProcessMemory 또는 WriteProcessMemory의 일부 작업만을 마쳤습니다. (0x12B)
[0514/164845.516:ERROR:process_memory_win.cc(73)] ReadMemory at 0x2d155b5d710 of 60 bytes failed: ReadProcessMemory 또는 WriteProcessMemory의 일부 작업만을 마쳤습니다. (0x12B)
[0514/164845.517:ERROR:process_memory_win.cc(73)] ReadMemory at 0x2d155b5d760 of 64 bytes failed: ReadProcessMemory 또는 WriteProcessMemory의 일부 작업만을 마쳤습니다. (0x12B)
[0514/164845.517:ERROR:process_memory_win.cc(73)] ReadMemory at 0x2d155b5d7b0 of 62 bytes failed: ReadProcessMemory 또는 WriteProcessMemory의 일부 작업만을 마쳤습니다. (0x12B)
[0514/164845.517:ERROR:process_memory_win.cc(73)] ReadMemory at 0x2d155b5ddd0 of 62 bytes failed: ReadProcessMemory 또는 WriteProcessMemory의 일부 작업만을 마쳤습니다. (0x12B)
[0514/164845.517:ERROR:process_memory_win.cc(73)] ReadMemory at 0x2d155b5de70 of 62 bytes failed: ReadProcessMemory 또는 WriteProcessMemory의 일부 작업만을 마쳤습니다. (0x12B)
[0514/164845.517:ERROR:process_memory_win.cc(73)] ReadMemory at 0x2d155b5e000 of 60 bytes failed: ReadProcessMemory 또는 WriteProcessMemory의 일부 작업만을 마쳤습니다. (0x12B)
[0514/164845.517:ERROR:process_memory_win.cc(73)] ReadMemory at 0x2d155b5e0a0 of 64 bytes failed: ReadProcessMemory 또는 WriteProcessMemory의 일부 작업만을 마쳤습니다. (0x12B)
[0514/164845.517:ERROR:process_memory_win.cc(73)] ReadMemory at 0x2d155b5e0f0 of 64 bytes failed: ReadProcessMemory 또는 WriteProcessMemory의 일부 작업만을 마쳤습니다. (0x12B)
[0514/164845.518:ERROR:process_memory_win.cc(73)] ReadMemory at 0x2d155b5e140 of 62 bytes failed: ReadProcessMemory 또는 WriteProcessMemory의 일부 작업만을 마쳤습니다. (0x12B)
[0514/164845.518:ERROR:process_memory_win.cc(73)] ReadMemory at 0x2d155b5e410 of 62 bytes failed: ReadProcessMemory 또는 WriteProcessMemory의 일부 작업만을 마쳤습니다. (0x12B)
[0514/164845.518:ERROR:process_memory_win.cc(73)] ReadMemory at 0x2d155b5e5a0 of 62 bytes failed: ReadProcessMemory 또는 WriteProcessMemory의 일부 작업만을 마쳤습니다. (0x12B)
[0514/164845.518:ERROR:process_memory_win.cc(73)] ReadMemory at 0x2d155b5e690 of 62 bytes failed: ReadProcessMemory 또는 WriteProcessMemory의 일부 작업만을 마쳤습니다. (0x12B)
[0514/164845.518:ERROR:process_memory_win.cc(73)] ReadMemory at 0x2d155b5e6e0 of 60 bytes failed: ReadProcessMemory 또는 WriteProcessMemory의 일부 작업만을 마쳤습니다. (0x12B)
[0514/164845.518:ERROR:process_memory_win.cc(73)] ReadMemory at 0x2d155b5e730 of 64 bytes failed: ReadProcessMemory 또는 WriteProcessMemory의 일부 작업만을 마쳤습니다. (0x12B)
[0514/164845.518:ERROR:process_memory_win.cc(73)] ReadMemory at 0x2d155b5e820 of 66 bytes failed: ReadProcessMemory 또는 WriteProcessMemory의 일부 작업만을 마쳤습니다. (0x12B)
[0514/164845.519:ERROR:process_memory_win.cc(73)] ReadMemory at 0x2d155b5e8c0 of 62 bytes failed: ReadProcessMemory 또는 WriteProcessMemory의 일부 작업만을 마쳤습니다. (0x12B)
[0514/164845.519:ERROR:process_memory_win.cc(73)] ReadMemory at 0x2d155b5eaa0 of 60 bytes failed: ReadProcessMemory 또는 WriteProcessMemory의 일부 작업만을 마쳤습니다. (0x12B)
[0514/164845.519:ERROR:process_memory_win.cc(73)] ReadMemory at 0x2d155b5eaf0 of 60 bytes failed: ReadProcessMemory 또는 WriteProcessMemory의 일부 작업만을 마쳤습니다. (0x12B)
[0514/164845.519:ERROR:process_memory_win.cc(73)] ReadMemory at 0x2d155b5eb40 of 58 bytes failed: ReadProcessMemory 또는 WriteProcessMemory의 일부 작업만을 마쳤습니다. (0x12B)
[0514/164845.519:ERROR:process_memory_win.cc(73)] ReadMemory at 0x2d155b5ebe0 of 64 bytes failed: ReadProcessMemory 또는 WriteProcessMemory의 일부 작업만을 마쳤습니다. (0x12B)
[0514/164845.519:ERROR:process_memory_win.cc(73)] ReadMemory at 0x2d155b5ec30 of 62 bytes failed: ReadProcessMemory 또는 WriteProcessMemory의 일부 작업만을 마쳤습니다. (0x12B)
[0514/164845.519:ERROR:process_memory_win.cc(73)] ReadMemory at 0x2d155b614e0 of 54 bytes failed: ReadProcessMemory 또는 WriteProcessMemory의 일부 작업만을 마쳤습니다. (0x12B)
[0514/164845.520:ERROR:process_memory_win.cc(73)] ReadMemory at 0x2d155b62dd0 of 132 bytes failed: ReadProcessMemory 또는 WriteProcessMemory의 일부 작업만을 마쳤습니다. (0x12B)
[0514/164845.520:ERROR:process_memory_win.cc(73)] ReadMemory at 0x2d155b62f00 of 132 bytes failed: ReadProcessMemory 또는 WriteProcessMemory의 일부 작업만을 마쳤습니다. (0x12B)
[0514/164845.520:ERROR:process_memory_win.cc(73)] ReadMemory at 0x2d155b63030 of 132 bytes failed: ReadProcessMemory 또는 WriteProcessMemory의 일부 작업만을 마쳤습니다. (0x12B)
[0514/164845.521:ERROR:process_memory_win.cc(73)] ReadMemory at 0x2d155b63160 of 132 bytes failed: ReadProcessMemory 또는 WriteProcessMemory의 일부 작업만을 마쳤습니다. (0x12B)
[0514/164845.521:ERROR:process_memory_win.cc(73)] ReadMemory at 0x2d155b63290 of 132 bytes failed: ReadProcessMemory 또는 WriteProcessMemory의 일부 작업만을 마쳤습니다. (0x12B)
[0514/164845.521:ERROR:process_memory_win.cc(73)] ReadMemory at 0x2d155b633c0 of 132 bytes failed: ReadProcessMemory 또는 WriteProcessMemory의 일부 작업만을 마쳤습니다. (0x12B)
[0514/164845.521:ERROR:process_memory_win.cc(73)] ReadMemory at 0x2d155b63620 of 132 bytes failed: ReadProcessMemory 또는 WriteProcessMemory의 일부 작업만을 마쳤습니다. (0x12B)
[0514/164845.521:ERROR:process_memory_win.cc(73)] ReadMemory at 0x2d155b63750 of 132 bytes failed: ReadProcessMemory 또는 WriteProcessMemory의 일부 작업만을 마쳤습니다. (0x12B)
[0514/164845.521:ERROR:process_memory_win.cc(73)] ReadMemory at 0x2d155b63880 of 132 bytes failed: ReadProcessMemory 또는 WriteProcessMemory의 일부 작업만을 마쳤습니다. (0x12B)
[0514/164845.521:ERROR:process_memory_win.cc(73)] ReadMemory at 0x2d155b639b0 of 132 bytes failed: ReadProcessMemory 또는 WriteProcessMemory의 일부 작업만을 마쳤습니다. (0x12B)
[0514/164845.522:ERROR:process_memory_win.cc(73)] ReadMemory at 0x2d155b63ae0 of 132 bytes failed: ReadProcessMemory 또는 WriteProcessMemory의 일부 작업만을 마쳤습니다. (0x12B)
[0514/164845.522:ERROR:process_memory_win.cc(73)] ReadMemory at 0x2d155b63c10 of 132 bytes failed: ReadProcessMemory 또는 WriteProcessMemory의 일부 작업만을 마쳤습니다. (0x12B)
[0514/164845.522:ERROR:process_memory_win.cc(73)] ReadMemory at 0x2d155b64180 of 132 bytes failed: ReadProcessMemory 또는 WriteProcessMemory의 일부 작업만을 마쳤습니다. (0x12B)
[0514/164845.522:ERROR:process_memory_win.cc(73)] ReadMemory at 0x2d155b64cd0 of 132 bytes failed: ReadProcessMemory 또는 WriteProcessMemory의 일부 작업만을 마쳤습니다. (0x12B)
[0514/164845.522:ERROR:process_memory_win.cc(73)] ReadMemory at 0x2d155b65020 of 132 bytes failed: ReadProcessMemory 또는 WriteProcessMemory의 일부 작업만을 마쳤습니다. (0x12B)
[0514/164845.522:ERROR:process_memory_win.cc(73)] ReadMemory at 0x2d155b65240 of 132 bytes failed: ReadProcessMemory 또는 WriteProcessMemory의 일부 작업만을 마쳤습니다. (0x12B)
[0514/164845.523:ERROR:process_memory_win.cc(73)] ReadMemory at 0x2d155b658f0 of 132 bytes failed: ReadProcessMemory 또는 WriteProcessMemory의 일부 작업만을 마쳤습니다. (0x12B)
[0514/164845.523:ERROR:process_memory_win.cc(73)] ReadMemory at 0x2d155b69060 of 76 bytes failed: ReadProcessMemory 또는 WriteProcessMemory의 일부 작업만을 마쳤습니다. (0x12B)
[0514/164845.523:ERROR:process_memory_win.cc(73)] ReadMemory at 0x2d155b69420 of 80 bytes failed: ReadProcessMemory 또는 WriteProcessMemory의 일부 작업만을 마쳤습니다. (0x12B)
[0514/164845.523:ERROR:process_memory_win.cc(73)] ReadMemory at 0x2d155b6a840 of 132 bytes failed: ReadProcessMemory 또는 WriteProcessMemory의 일부 작업만을 마쳤습니다. (0x12B)
[0514/164845.523:ERROR:process_memory_win.cc(73)] ReadMemory at 0x2d155b6abd0 of 132 bytes failed: ReadProcessMemory 또는 WriteProcessMemory의 일부 작업만을 마쳤습니다. (0x12B)
[0514/164845.523:ERROR:process_memory_win.cc(73)] ReadMemory at 0x2d155b6ad00 of 132 bytes failed: ReadProcessMemory 또는 WriteProcessMemory의 일부 작업만을 마쳤습니다. (0x12B)
[0514/164845.523:ERROR:process_memory_win.cc(73)] ReadMemory at 0x2d155b6ae30 of 132 bytes failed: ReadProcessMemory 또는 WriteProcessMemory의 일부 작업만을 마쳤습니다. (0x12B)
[0514/164845.524:ERROR:process_memory_win.cc(73)] ReadMemory at 0x2d155b6af60 of 132 bytes failed: ReadProcessMemory 또는 WriteProcessMemory의 일부 작업만을 마쳤습니다. (0x12B)
[0514/164845.524:ERROR:process_memory_win.cc(73)] ReadMemory at 0x2d155b6b7b0 of 132 bytes failed: ReadProcessMemory 또는 WriteProcessMemory의 일부 작업만을 마쳤습니다. (0x12B)
[0514/164845.524:ERROR:process_memory_win.cc(73)] ReadMemory at 0x2d155b6b8e0 of 132 bytes failed: ReadProcessMemory 또는 WriteProcessMemory의 일부 작업만을 마쳤습니다. (0x12B)
[0514/164845.524:ERROR:process_memory_win.cc(73)] ReadMemory at 0x2d155b6ba10 of 132 bytes failed: ReadProcessMemory 또는 WriteProcessMemory의 일부 작업만을 마쳤습니다. (0x12B)
[0514/164845.524:ERROR:process_memory_win.cc(73)] ReadMemory at 0x2d155b6bb40 of 132 bytes failed: ReadProcessMemory 또는 WriteProcessMemory의 일부 작업만을 마쳤습니다. (0x12B)
[0514/164845.524:ERROR:process_memory_win.cc(73)] ReadMemory at 0x2d155b6bc70 of 132 bytes failed: ReadProcessMemory 또는 WriteProcessMemory의 일부 작업만을 마쳤습니다. (0x12B)
[0514/164845.525:ERROR:process_memory_win.cc(73)] ReadMemory at 0x2d155b80350 of 512 bytes failed: ReadProcessMemory 또는 WriteProcessMemory의 일부 작업만을 마쳤습니다. (0x12B)
[0514/164845.525:ERROR:process_memory_win.cc(73)] ReadMemory at 0x2d155b82350 of 512 bytes failed: ReadProcessMemory 또는 WriteProcessMemory의 일부 작업만을 마쳤습니다. (0x12B)
[0514/164845.525:ERROR:process_memory_win.cc(73)] ReadMemory at 0x2d155eb3100 of 512 bytes failed: ReadProcessMemory 또는 WriteProcessMemory의 일부 작업만을 마쳤습니다. (0x12B)
[0514/164845.525:ERROR:process_memory_win.cc(73)] ReadMemory at 0x2d155eb7c00 of 512 bytes failed: ReadProcessMemory 또는 WriteProcessMemory의 일부 작업만을 마쳤습니다. (0x12B)
[0514/164845.525:ERROR:process_memory_win.cc(73)] ReadMemory at 0x2d156440908 of 512 bytes failed: ReadProcessMemory 또는 WriteProcessMemory의 일부 작업만을 마쳤습니다. (0x12B)
[0514/164845.525:ERROR:process_memory_win.cc(73)] ReadMemory at 0x2d156441740 of 512 bytes failed: ReadProcessMemory 또는 WriteProcessMemory의 일부 작업만을 마쳤습니다. (0x12B)
[0514/164845.526:ERROR:process_memory_win.cc(73)] ReadMemory at 0x2d15644bfc0 of 512 bytes failed: ReadProcessMemory 또는 WriteProcessMemory의 일부 작업만을 마쳤습니다. (0x12B)
[0514/164845.526:ERROR:process_memory_win.cc(73)] ReadMemory at 0x2d156452bc0 of 712 bytes failed: ReadProcessMemory 또는 WriteProcessMemory의 일부 작업만을 마쳤습니다. (0x12B)
[0514/164845.526:ERROR:process_memory_win.cc(73)] ReadMemory at 0x2d157b50110 of 512 bytes failed: ReadProcessMemory 또는 WriteProcessMemory의 일부 작업만을 마쳤습니다. (0x12B)
[0514/164845.526:ERROR:process_memory_win.cc(73)] ReadMemory at 0x2d157b922a0 of 512 bytes failed: ReadProcessMemory 또는 WriteProcessMemory의 일부 작업만을 마쳤습니다. (0x12B)
[0514/164845.526:ERROR:process_memory_win.cc(73)] ReadMemory at 0x2d157bc7bd0 of 512 bytes failed: ReadProcessMemory 또는 WriteProcessMemory의 일부 작업만을 마쳤습니다. (0x12B)
[0514/164845.526:ERROR:process_memory_win.cc(73)] ReadMemory at 0x2d157f5c570 of 512 bytes failed: ReadProcessMemory 또는 WriteProcessMemory의 일부 작업만을 마쳤습니다. (0x12B)
[0514/164845.527:ERROR:process_memory_win.cc(73)] ReadMemory at 0x2d15828d180 of 512 bytes failed: ReadProcessMemory 또는 WriteProcessMemory의 일부 작업만을 마쳤습니다. (0x12B)
[0514/164845.527:ERROR:process_memory_win.cc(73)] ReadMemory at 0x2d1593791f0 of 512 bytes failed: ReadProcessMemory 또는 WriteProcessMemory의 일부 작업만을 마쳤습니다. (0x12B)
[0514/164845.527:ERROR:process_memory_win.cc(73)] ReadMemory at 0x2d15aed7230 of 1088 bytes failed: ReadProcessMemory 또는 WriteProcessMemory의 일부 작업만을 마쳤습니다. (0x12B)
[0514/164845.527:ERROR:process_memory_win.cc(73)] ReadMemory at 0x2d15aed77d0 of 512 bytes failed: ReadProcessMemory 또는 WriteProcessMemory의 일부 작업만을 마쳤습니다. (0x12B)
[0514/164845.527:ERROR:process_memory_win.cc(73)] ReadMemory at 0x2d15aeea7c8 of 512 bytes failed: ReadProcessMemory 또는 WriteProcessMemory의 일부 작업만을 마쳤습니다. (0x12B)
[0514/164845.527:ERROR:process_memory_win.cc(73)] ReadMemory at 0x2d15aeeb2d8 of 512 bytes failed: ReadProcessMemory 또는 WriteProcessMemory의 일부 작업만을 마쳤습니다. (0x12B)
[0514/164845.527:ERROR:process_memory_win.cc(73)] ReadMemory at 0x72b800000000 of 384 bytes failed: ReadProcessMemory 또는 WriteProcessMemory의 일부 작업만을 마쳤습니다. (0x12B)
[0514/164845.527:ERROR:process_memory_win.cc(73)] ReadMemory at 0x72b808baa559 of 512 bytes failed: ReadProcessMemory 또는 WriteProcessMemory의 일부 작업만을 마쳤습니다. (0x12B)
[0514/164845.527:ERROR:process_memory_win.cc(73)] ReadMemory at 0x72b80bf41a9c of 512 bytes failed: ReadProcessMemory 또는 WriteProcessMemory의 일부 작업만을 마쳤습니다. (0x12B)
[0514/164845.528:ERROR:process_memory_win.cc(73)] ReadMemory at 0x72b80c711985 of 512 bytes failed: ReadProcessMemory 또는 WriteProcessMemory의 일부 작업만을 마쳤습니다. (0x12B)
[0514/164845.528:ERROR:process_memory_win.cc(73)] ReadMemory at 0x7ffa14d273fd of 512 bytes failed: ReadProcessMemory 또는 WriteProcessMemory의 일부 작업만을 마쳤습니다. (0x12B)
[0514/164845.528:ERROR:process_memory_win.cc(73)] ReadMemory at 0x7ffa1a775c88 of 512 bytes failed: ReadProcessMemory 또는 WriteProcessMemory의 일부 작업만을 마쳤습니다. (0x12B)
[0514/164845.528:ERROR:process_memory_win.cc(73)] ReadMemory at 0x7ffa32a77a55 of 512 bytes failed: ReadProcessMemory 또는 WriteProcessMemory의 일부 작업만을 마쳤습니다. (0x12B)
[0514/164845.528:ERROR:process_memory_win.cc(73)] ReadMemory at 0x7ffa32a78245 of 512 bytes failed: ReadProcessMemory 또는 WriteProcessMemory의 일부 작업만을 마쳤습니다. (0x12B)
[0514/164845.528:ERROR:process_memory_win.cc(73)] ReadMemory at 0x7ffa6855c074 of 672 bytes failed: ReadProcessMemory 또는 WriteProcessMemory의 일부 작업만을 마쳤습니다. (0x12B)
[0514/164845.528:ERROR:process_memory_win.cc(73)] ReadMemory at 0x7ffa6855f924 of 608 bytes failed: ReadProcessMemory 또는 WriteProcessMemory의 일부 작업만을 마쳤습니다. (0x12B)
[0514/164845.529:ERROR:process_memory_win.cc(73)] ReadMemory at 0x7ffa685ec428 of 18 bytes failed: ReadProcessMemory 또는 WriteProcessMemory의 일부 작업만을 마쳤습니다. (0x12B)
[0514/164845.529:ERROR:process_memory_win.cc(73)] ReadMemory at 0x7ffa6861f4f8 of 40 bytes failed: ReadProcessMemory 또는 WriteProcessMemory의 일부 작업만을 마쳤습니다. (0x12B)
[0514/164845.529:ERROR:process_memory_win.cc(73)] ReadMemory at 0x7ffa6861f978 of 48 bytes failed: ReadProcessMemory 또는 WriteProcessMemory의 일부 작업만을 마쳤습니다. (0x12B)
[0514/164845.529:ERROR:process_memory_win.cc(73)] ReadMemory at 0x7ffa686253c0 of 64 bytes failed: ReadProcessMemory 또는 WriteProcessMemory의 일부 작업만을 마쳤습니다. (0x12B)
[0514/164845.536:ERROR:scoped_process_suspend.cc(40)] NtResumeProcess: 기존 프로세스에 액세스하려고 했습니다. (0xc000010a)
